This is pdfTeX, Version 3.14159265-2.6-1.40.15 (TeX Live 2014/MacPorts 2014_4) (preloaded format=latex 2014.12.17)  11 JAN 2015 23:11
entering extended mode
 restricted \write18 enabled.
 %&-line parsing enabled.
**hw02.tex
(./hw02.tex
LaTeX2e <2014/05/01>
Babel <3.9k> and hyphenation patterns for 43 languages loaded.
(/opt/local/share/texmf-texlive/tex/latex/base/article.cls
Document Class: article 2007/10/19 v1.4h Standard LaTeX document class
(/opt/local/share/texmf-texlive/tex/latex/base/size10.clo
File: size10.clo 2007/10/19 v1.4h Standard LaTeX file (size option)
)
\c@part=\count79
\c@section=\count80
\c@subsection=\count81
\c@subsubsection=\count82
\c@paragraph=\count83
\c@subparagraph=\count84
\c@figure=\count85
\c@table=\count86
\abovecaptionskip=\skip41
\belowcaptionskip=\skip42
\bibindent=\dimen102
)
(/opt/local/share/texmf-texlive/tex/latex/amsmath/amsmath.sty
Package: amsmath 2013/01/14 v2.14 AMS math features
\@mathmargin=\skip43

For additional information on amsmath, use the `?' option.
(/opt/local/share/texmf-texlive/tex/latex/amsmath/amstext.sty
Package: amstext 2000/06/29 v2.01

(/opt/local/share/texmf-texlive/tex/latex/amsmath/amsgen.sty
File: amsgen.sty 1999/11/30 v2.0
\@emptytoks=\toks14
\ex@=\dimen103
))
(/opt/local/share/texmf-texlive/tex/latex/amsmath/amsbsy.sty
Package: amsbsy 1999/11/29 v1.2d
\pmbraise@=\dimen104
)
(/opt/local/share/texmf-texlive/tex/latex/amsmath/amsopn.sty
Package: amsopn 1999/12/14 v2.01 operator names
)
\inf@bad=\count87
LaTeX Info: Redefining \frac on input line 210.
\uproot@=\count88
\leftroot@=\count89
LaTeX Info: Redefining \overline on input line 306.
\classnum@=\count90
\DOTSCASE@=\count91
LaTeX Info: Redefining \ldots on input line 378.
LaTeX Info: Redefining \dots on input line 381.
LaTeX Info: Redefining \cdots on input line 466.
\Mathstrutbox@=\box26
\strutbox@=\box27
\big@size=\dimen105
LaTeX Font Info:    Redeclaring font encoding OML on input line 566.
LaTeX Font Info:    Redeclaring font encoding OMS on input line 567.
\macc@depth=\count92
\c@MaxMatrixCols=\count93
\dotsspace@=\muskip10
\c@parentequation=\count94
\dspbrk@lvl=\count95
\tag@help=\toks15
\row@=\count96
\column@=\count97
\maxfields@=\count98
\andhelp@=\toks16
\eqnshift@=\dimen106
\alignsep@=\dimen107
\tagshift@=\dimen108
\tagwidth@=\dimen109
\totwidth@=\dimen110
\lineht@=\dimen111
\@envbody=\toks17
\multlinegap=\skip44
\multlinetaggap=\skip45
\mathdisplay@stack=\toks18
LaTeX Info: Redefining \[ on input line 2665.
LaTeX Info: Redefining \] on input line 2666.
)
(/opt/local/share/texmf-texlive/tex/latex/amsfonts/amssymb.sty
Package: amssymb 2013/01/14 v3.01 AMS font symbols

(/opt/local/share/texmf-texlive/tex/latex/amsfonts/amsfonts.sty
Package: amsfonts 2013/01/14 v3.01 Basic AMSFonts support
\symAMSa=\mathgroup4
\symAMSb=\mathgroup5
LaTeX Font Info:    Overwriting math alphabet `\mathfrak' in version `bold'
(Font)                  U/euf/m/n --> U/euf/b/n on input line 106.
))
(/opt/local/share/texmf-texlive/tex/latex/mh/mathtools.sty
Package: mathtools 2014/05/21 v1.14 mathematical typesetting tools

(/opt/local/share/texmf-texlive/tex/latex/graphics/keyval.sty
Package: keyval 2014/05/08 v1.15 key=value parser (DPC)
\KV@toks@=\toks19
)
(/opt/local/share/texmf-texlive/tex/latex/tools/calc.sty
Package: calc 2007/08/22 v4.3 Infix arithmetic (KKT,FJ)
\calc@Acount=\count99
\calc@Bcount=\count100
\calc@Adimen=\dimen112
\calc@Bdimen=\dimen113
\calc@Askip=\skip46
\calc@Bskip=\skip47
LaTeX Info: Redefining \setlength on input line 75.
LaTeX Info: Redefining \addtolength on input line 76.
\calc@Ccount=\count101
\calc@Cskip=\skip48
)
(/opt/local/share/texmf-texlive/tex/latex/mh/mhsetup.sty
Package: mhsetup 2010/01/21 v1.2a programming setup (MH)
)
LaTeX Info: Thecontrolsequence`\['isalreadyrobust on input line 129.
LaTeX Info: Thecontrolsequence`\]'isalreadyrobust on input line 129.
\g_MT_multlinerow_int=\count102
\l_MT_multwidth_dim=\dimen114
\origjot=\skip49
\l_MT_shortvdotswithinadjustabove_dim=\dimen115
\l_MT_shortvdotswithinadjustbelow_dim=\dimen116
\l_MT_above_intertext_sep=\dimen117
\l_MT_below_intertext_sep=\dimen118
\l_MT_above_shortintertext_sep=\dimen119
\l_MT_below_shortintertext_sep=\dimen120
)
(/opt/local/share/texmf-texlive/tex/latex/geometry/geometry.sty
Package: geometry 2010/09/12 v5.6 Page Geometry

(/opt/local/share/texmf-texlive/tex/generic/oberdiek/ifpdf.sty
Package: ifpdf 2011/01/30 v2.3 Provides the ifpdf switch (HO)
Package ifpdf Info: pdfTeX in PDF mode is not detected.
)
(/opt/local/share/texmf-texlive/tex/generic/oberdiek/ifvtex.sty
Package: ifvtex 2010/03/01 v1.5 Detect VTeX and its facilities (HO)
Package ifvtex Info: VTeX not detected.
)
(/opt/local/share/texmf-texlive/tex/generic/ifxetex/ifxetex.sty
Package: ifxetex 2010/09/12 v0.6 Provides ifxetex conditional
)
\Gm@cnth=\count103
\Gm@cntv=\count104
\c@Gm@tempcnt=\count105
\Gm@bindingoffset=\dimen121
\Gm@wd@mp=\dimen122
\Gm@odd@mp=\dimen123
\Gm@even@mp=\dimen124
\Gm@layoutwidth=\dimen125
\Gm@layoutheight=\dimen126
\Gm@layouthoffset=\dimen127
\Gm@layoutvoffset=\dimen128
\Gm@dimlist=\toks20
)
(/opt/local/share/texmf-texlive/tex/latex/pstricks/pstricks.sty
Package: pstricks 2013/12/12 v0.60 LaTeX wrapper for `PSTricks' (RN,HV)

(/opt/local/share/texmf-texlive/tex/generic/pstricks/pstricks.tex
(/opt/local/share/texmf-texlive/tex/generic/xkeyval/pst-xkey.tex
File: pst-xkey.tex 2005/11/25 v1.6 PSTricks specialization of xkeyval (HA)

(/opt/local/share/texmf-texlive/tex/latex/xkeyval/xkeyval.sty
Package: xkeyval 2014/05/09 v2.6d package option processing (HA)

(/opt/local/share/texmf-texlive/tex/generic/xkeyval/xkeyval.tex
\XKV@toks=\toks21
\XKV@tempa@toks=\toks22
\XKV@depth=\count106
File: xkeyval.tex 2014/05/09 v2.6d key=value parser (HA)
)))
(/opt/local/share/texmf-texlive/tex/generic/pstricks/pst-fp.tex
`pst-fp' v0.05, 2010/01/17 (hv)
\pstFP@xs=\count107
\pstFP@xia=\count108
\pstFP@xib=\count109
\pstFP@xfa=\count110
\pstFP@xfb=\count111
\pstFP@rega=\count112
\pstFP@regb=\count113
\pstFP@regs=\count114
\pstFP@times=\count115
)
(/opt/local/share/texmf/tex/generic/pgf/utilities/pgfutil-common.tex
\pgfutil@everybye=\toks23
\pgfutil@tempdima=\dimen129
\pgfutil@tempdimb=\dimen130

(/opt/local/share/texmf/tex/generic/pgf/utilities/pgfutil-common-lists.tex))
(/opt/local/share/texmf/tex/generic/pgf/utilities/pgfkeys.code.tex
\pgfkeys@pathtoks=\toks24
\pgfkeys@temptoks=\toks25

(/opt/local/share/texmf/tex/generic/pgf/utilities/pgfkeysfiltered.code.tex
\pgfkeys@tmptoks=\toks26
))
(/opt/local/share/texmf/tex/generic/pgf/utilities/pgffor.code.tex
(/opt/local/share/texmf/tex/generic/pgf/math/pgfmath.code.tex
(/opt/local/share/texmf/tex/generic/pgf/math/pgfmathcalc.code.tex
(/opt/local/share/texmf/tex/generic/pgf/math/pgfmathutil.code.tex
\pgf@x=\dimen131
\pgf@xa=\dimen132
\pgf@xb=\dimen133
\pgf@xc=\dimen134
\pgf@y=\dimen135
\pgf@ya=\dimen136
\pgf@yb=\dimen137
\pgf@yc=\dimen138
\c@pgf@counta=\count116
\c@pgf@countb=\count117
\c@pgf@countc=\count118
\c@pgf@countd=\count119
\pgfutil@tempcnta=\count120
\pgfutil@tempcntb=\count121
)
(/opt/local/share/texmf/tex/generic/pgf/math/pgfmathparser.code.tex
\pgfmath@dimen=\dimen139
\pgfmath@count=\count122
\pgfmath@box=\box28
\pgfmath@toks=\toks27
\pgfmath@stack@operand=\toks28
\pgfmath@stack@operation=\toks29
)
(/opt/local/share/texmf/tex/generic/pgf/math/pgfmathfunctions.code.tex
(/opt/local/share/texmf/tex/generic/pgf/math/pgfmathfunctions.basic.code.tex)
(/opt/local/share/texmf/tex/generic/pgf/math/pgfmathfunctions.trigonometric.cod
e.tex)
(/opt/local/share/texmf/tex/generic/pgf/math/pgfmathfunctions.random.code.tex)
(/opt/local/share/texmf/tex/generic/pgf/math/pgfmathfunctions.comparison.code.t
ex) (/opt/local/share/texmf/tex/generic/pgf/math/pgfmathfunctions.base.code.tex
) (/opt/local/share/texmf/tex/generic/pgf/math/pgfmathfunctions.round.code.tex)
(/opt/local/share/texmf/tex/generic/pgf/math/pgfmathfunctions.misc.code.tex)
(/opt/local/share/texmf/tex/generic/pgf/math/pgfmathfunctions.integerarithmetic
s.code.tex)))
(/opt/local/share/texmf/tex/generic/pgf/math/pgfmathfloat.code.tex
\c@pgfmathroundto@lastzeros=\count123
))
\pgffor@iter=\dimen140
\pgffor@skip=\dimen141
\pgffor@stack=\toks30
\pgffor@toks=\toks31
)
\psLoopIndex=\count124

`PSTricks' v2.54a  <2014/05/19> (tvz)
\pst@dima=\dimen142
\pst@dimb=\dimen143
\pst@dimc=\dimen144
\pst@dimd=\dimen145
\pst@dimg=\dimen146
\pst@dimh=\dimen147
\pst@dimm=\dimen148
\pst@dimn=\dimen149
\pst@dimo=\dimen150
\pst@dimp=\dimen151
\pst@hbox=\box29
\pst@ibox=\box30
\pst@boxg=\box31
\pst@cnta=\count125
\pst@cntb=\count126
\pst@cntc=\count127
\pst@cntd=\count128
\pst@cntg=\count129
\pst@cnth=\count130
\pst@cntm=\count131
\pst@cntn=\count132
\pst@cnto=\count133
\pst@cntp=\count134
\@zero=\count135
\pst@toks=\toks32
(/opt/local/share/texmf-texlive/tex/generic/pstricks/pstricks.con)
\psunit=\dimen152
\psxunit=\dimen153
\psyunit=\dimen154
\pst@C@@rType=\count136
\pslinewidth=\dimen155
\psk@startLW=\dimen156
\psk@endLW=\dimen157
\pst@customdefs=\toks33
\pslinearc=\dimen158
\pst@symbolStep=\dimen159
\pst@symbolWidth=\dimen160
\pst@symbolLinewidth=\dimen161
\everypsbox=\toks34
\psframesep=\dimen162
\pslabelsep=\dimen163
\sh@wgridXunit=\dimen164
\sh@wgridYunit=\dimen165
\pst@shift=\dimen166
)
File: pstricks.tex 2014/05/19 v2.54a `PSTricks' (tvz,hv)

(/opt/local/share/texmf-texlive/tex/generic/pstricks/pst-fp.tex)
File: pst-fp.tex 2014/05/19 v2.54a `PST-fp' (hv)

(/opt/local/share/texmf-texlive/tex/latex/xcolor/xcolor.sty
Package: xcolor 2007/01/21 v2.11 LaTeX color extensions (UK)

(/opt/local/share/texmf-texlive/tex/latex/latexconfig/color.cfg
File: color.cfg 2007/01/18 v1.5 color configuration of teTeX/TeXLive
)
Package xcolor Info: Driver file: dvips.def on input line 225.

(/opt/local/share/texmf-texlive/tex/latex/graphics/dvips.def
File: dvips.def 2014/04/23 v3.0j Driver-dependant file (DPC,SPQR)
)
Package xcolor Info: Model `cmy' substituted by `cmy0' on input line 1337.
Package xcolor Info: Model `RGB' extended on input line 1353.
Package xcolor Info: Model `HTML' substituted by `rgb' on input line 1355.
Package xcolor Info: Model `Hsb' substituted by `hsb' on input line 1356.
Package xcolor Info: Model `tHsb' substituted by `hsb' on input line 1357.
Package xcolor Info: Model `HSB' substituted by `hsb' on input line 1358.
Package xcolor Info: Model `Gray' substituted by `gray' on input line 1359.
Package xcolor Info: Model `wave' substituted by `hsb' on input line 1360.
))
(/opt/local/share/texmf-texlive/tex/latex/tools/multicol.sty
Package: multicol 2014/04/23 v1.8e multicolumn formatting (FMi)
\c@tracingmulticols=\count137
\mult@box=\box32
\multicol@leftmargin=\dimen167
\c@unbalance=\count138
\c@collectmore=\count139
\doublecol@number=\count140
\multicoltolerance=\count141
\multicolpretolerance=\count142
\full@width=\dimen168
\page@free=\dimen169
\premulticols=\dimen170
\postmulticols=\dimen171
\multicolsep=\skip50
\multicolbaselineskip=\skip51
\partial@page=\box33
\last@line=\box34
\maxbalancingoverflow=\dimen172
\mult@rightbox=\box35
\mult@grightbox=\box36
\mult@gfirstbox=\box37
\mult@firstbox=\box38
\@tempa=\box39
\@tempa=\box40
\@tempa=\box41
\@tempa=\box42
\@tempa=\box43
\@tempa=\box44
\@tempa=\box45
\@tempa=\box46
\@tempa=\box47
\@tempa=\box48
\@tempa=\box49
\@tempa=\box50
\@tempa=\box51
\@tempa=\box52
\@tempa=\box53
\@tempa=\box54
\@tempa=\box55
\c@columnbadness=\count143
\c@finalcolumnbadness=\count144
\last@try=\dimen173
\multicolovershoot=\dimen174
\multicolundershoot=\dimen175
\mult@nat@firstbox=\box56
\colbreak@box=\box57
\mc@col@check@num=\count145
) (./hw02.aux)
\openout1 = `hw02.aux'.

LaTeX Font Info:    Checking defaults for OML/cmm/m/it on input line 13.
LaTeX Font Info:    ... okay on input line 13.
LaTeX Font Info:    Checking defaults for T1/cmr/m/n on input line 13.
LaTeX Font Info:    ... okay on input line 13.
LaTeX Font Info:    Checking defaults for OT1/cmr/m/n on input line 13.
LaTeX Font Info:    ... okay on input line 13.
LaTeX Font Info:    Checking defaults for OMS/cmsy/m/n on input line 13.
LaTeX Font Info:    ... okay on input line 13.
LaTeX Font Info:    Checking defaults for OMX/cmex/m/n on input line 13.
LaTeX Font Info:    ... okay on input line 13.
LaTeX Font Info:    Checking defaults for U/cmr/m/n on input line 13.
LaTeX Font Info:    ... okay on input line 13.

(/opt/local/share/texmf-texlive/tex/latex/graphics/graphicx.sty
Package: graphicx 2014/04/25 v1.0g Enhanced LaTeX Graphics (DPC,SPQR)

(/opt/local/share/texmf-texlive/tex/latex/graphics/graphics.sty
Package: graphics 2009/02/05 v1.0o Standard LaTeX Graphics (DPC,SPQR)

(/opt/local/share/texmf-texlive/tex/latex/graphics/trig.sty
Package: trig 1999/03/16 v1.09 sin cos tan (DPC)
)
(/opt/local/share/texmf-texlive/tex/latex/latexconfig/graphics.cfg
File: graphics.cfg 2010/04/23 v1.9 graphics configuration of TeX Live
)
Package graphics Info: Driver file: dvips.def on input line 91.
)
\Gin@req@height=\dimen176
\Gin@req@width=\dimen177
)
*geometry* driver: auto-detecting
*geometry* detected driver: dvips
*geometry* verbose mode - [ preamble ] result:
* driver: dvips
* paper: <default>
* layout: <same size as paper>
* layoutoffset:(h,v)=(0.0pt,0.0pt)
* modes: 
* h-part:(L,W,R)=(72.26999pt, 469.75502pt, 72.26999pt)
* v-part:(T,H,B)=(72.26999pt, 650.43001pt, 72.26999pt)
* \paperwidth=614.295pt
* \paperheight=794.96999pt
* \textwidth=469.75502pt
* \textheight=650.43001pt
* \oddsidemargin=0.0pt
* \evensidemargin=0.0pt
* \topmargin=-37.0pt
* \headheight=12.0pt
* \headsep=25.0pt
* \topskip=10.0pt
* \footskip=30.0pt
* \marginparwidth=65.0pt
* \marginparsep=11.0pt
* \columnsep=10.0pt
* \skip\footins=9.0pt plus 4.0pt minus 2.0pt
* \hoffset=0.0pt
* \voffset=0.0pt
* \mag=1000
* \@twocolumnfalse
* \@twosidefalse
* \@mparswitchfalse
* \@reversemarginfalse
* (1in=72.27pt=25.4mm, 1cm=28.453pt)


Overfull \hbox (15.0pt too wide) in paragraph at lines 24--25
[][] 
 []

LaTeX Font Info:    Try loading font information for U+msa on input line 32.
(/opt/local/share/texmf-texlive/tex/latex/amsfonts/umsa.fd
File: umsa.fd 2013/01/14 v3.01 AMS symbols A
)
LaTeX Font Info:    Try loading font information for U+msb on input line 32.

(/opt/local/share/texmf-texlive/tex/latex/amsfonts/umsb.fd
File: umsb.fd 2013/01/14 v3.01 AMS symbols B
) [1

] (./hw02.aux) ) 
Here is how much of TeX's memory you used:
 9460 strings out of 494214
 162162 string characters out of 6157488
 250331 words of memory out of 5000000
 12657 multiletter control sequences out of 15000+600000
 6871 words of font info for 27 fonts, out of 8000000 for 9000
 430 hyphenation exceptions out of 8191
 36i,8n,40p,403b,400s stack positions out of 5000i,500n,10000p,200000b,80000s

Output written on hw02.dvi (1 page, 24672 bytes).
